Started by user [8mha:////4O80W6WtAk9UEly/pNKjNZe0up0pHDdD0BJHsPOQWu7WAAAAmR+LCAAAAAAAAP9b85aBtbiIQTGjNKU4P08vOT+vOD8nVc83PyU1x6OyILUoJzMv2y+/JJUBAhiZGBgqihhk0NSjKDWzXb3RdlLBUSYGJk8GtpzUvPSSDB8G5tKinBIGIZ+sxLJE/ZzEvHT94JKizLx0a6BxUmjGOUNodHsLgAzOEgZe/dLi1CL9vMySzLyUIgAJI3WpwgAAAA==[0mNitin D R
Obtained qa pipelinescript from git https://github.com/Nitindr/Pipeline-Job.git
org.codehaus.groovy.control.MultipleCompilationErrorsException: startup failed:
WorkflowScript: 5: Unknown stage section "parameters". Starting with version 0.5, steps in a stage must be in a â€˜stepsâ€™ block. @ line 5, column 2.
    stage ("1 STAGE") {
    ^

WorkflowScript: 18: Unknown stage section "step". Starting with version 0.5, steps in a stage must be in a â€˜stepsâ€™ block. @ line 18, column 4.
      stage ("2nd STAGE") {
      ^

WorkflowScript: 29: Expected an agent @ line 29, column 6.
        agent { "label slave01" }
        ^

WorkflowScript: 28: Unknown stage section "step". Starting with version 0.5, steps in a stage must be in a â€˜stepsâ€™ block. @ line 28, column 6.
        stage ("3rd STAGE") {
        ^

WorkflowScript: 37: Unknown stage section "step". Starting with version 0.5, steps in a stage must be in a â€˜stepsâ€™ block. @ line 37, column 6.
        stage ("4th STAGE") {
        ^

WorkflowScript: 18: Expected one of "steps", "stages", or "parallel" for stage "2nd STAGE" @ line 18, column 4.
      stage ("2nd STAGE") {
      ^

WorkflowScript: 29: No agent type specified. Must be one of [any, label, none] @ line 29, column 6.
        agent { "label slave01" }
        ^

WorkflowScript: 28: Expected one of "steps", "stages", or "parallel" for stage "3rd STAGE" @ line 28, column 6.
        stage ("3rd STAGE") {
        ^

WorkflowScript: 37: Expected one of "steps", "stages", or "parallel" for stage "4th STAGE" @ line 37, column 6.
        stage ("4th STAGE") {
        ^

9 errors

	at org.codehaus.groovy.control.ErrorCollector.failIfErrors(ErrorCollector.java:309)
	at org.codehaus.groovy.control.CompilationUnit.applyToPrimaryClassNodes(CompilationUnit.java:1107)
	at org.codehaus.groovy.control.CompilationUnit.doPhaseOperation(CompilationUnit.java:624)
	at org.codehaus.groovy.control.CompilationUnit.processPhaseOperations(CompilationUnit.java:602)
	at org.codehaus.groovy.control.CompilationUnit.compile(CompilationUnit.java:579)
	at groovy.lang.GroovyClassLoader.doParseClass(GroovyClassLoader.java:323)
	at groovy.lang.GroovyClassLoader.parseClass(GroovyClassLoader.java:293)
	at org.jenkinsci.plugins.scriptsecurity.sandbox.groovy.GroovySandbox$Scope.parse(GroovySandbox.java:163)
	at org.jenkinsci.plugins.workflow.cps.CpsGroovyShell.doParse(CpsGroovyShell.java:142)
	at org.jenkinsci.plugins.workflow.cps.CpsGroovyShell.reparse(CpsGroovyShell.java:127)
	at org.jenkinsci.plugins.workflow.cps.CpsFlowExecution.parseScript(CpsFlowExecution.java:562)
	at org.jenkinsci.plugins.workflow.cps.CpsFlowExecution.start(CpsFlowExecution.java:514)
	at org.jenkinsci.plugins.workflow.job.WorkflowRun.run(WorkflowRun.java:336)
	at hudson.model.ResourceController.execute(ResourceController.java:107)
	at hudson.model.Executor.run(Executor.java:449)
Finished: FAILURE
